<?xml version="1.0" encoding="UTF-8"?>
<testsuite name="Verify the validation form" tests="1" skipped="0" failures="0" errors="0" timestamp="2023-05-26T13:44:02" hostname="LAPTOP-B400VVOE" time="164.302">
  <properties/>
  <testcase name="Verify the validation form" classname="Verify the validation form" time="164.302"/>
  <system-out><![CDATA[]]></system-out>
  <system-err><![CDATA[[Test worker] INFO  - 
  _____   ___   ___   _____     ___   _____     _     ___   _____   ___   ___  
 |_   _| | __| / __| |_   _|   / __| |_   _|   /_\   | _ \ |_   _| | __| |   \ 
   | |   | _|  \__ \   | |     \__ \   | |    / _ \  |   /   | |   | _|  | |) |
   |_|   |___| |___/   |_|     |___/   |_|   /_/ \_\ |_|_\   |_|   |___| |___/ 

Verify the validation form(verify-the-validation-form;verify-the-validation-form)
--------------------------------------------------------------------------------
[Test worker] INFO io.github.bonigarcia.wdm.WebDriverManager - Using msedgedriver 113.0.1774.50 (resolved driver for Edge 113)
[Test worker] INFO io.github.bonigarcia.wdm.WebDriverManager - Exporting webdriver.edge.driver as C:\Users\sebas\.cache\selenium\msedgedriver\win64\113.0.1774.50\msedgedriver.exe
[Test worker] INFO net.serenitybdd.core.webdriver.driverproviders.ProvideNewDriver - Instantiating driver
[Test worker] INFO net.serenitybdd.core.webdriver.driverproviders.ProvideNewDriver - Driver capabilities: Capabilities {driver: edge, loggingPrefs: org.openqa.selenium.logging..., ms:edgeChrominum: true, ms:edgeOptions: {prefs: {}}, timeouts.implicitlywait: 20000}
Starting Microsoft Edge WebDriver 113.0.1774.50 (8c198093cedae51263c20d5d679dc091c24bbf87) on port 28208
To submit feedback, report a bug, or suggest new features, please visit https://github.com/MicrosoftEdge/EdgeWebDriver

Only local connections are allowed.
Please see https://aka.ms/WebDriverSecurity for suggestions on keeping Microsoft Edge WebDriver safe.

Microsoft Edge WebDriver was started successfully.
may. 26, 2023 8:44:27 A. M. org.openqa.selenium.remote.ProtocolHandshake createSession
INFO: Detected dialect: W3C
may. 26, 2023 8:46:46 A. M. org.openqa.selenium.os.OsProcess destroy
SEVERE: Unable to kill process Process[pid=16388, exitValue=1]
[Test worker] INFO  - 
  _____   ___   ___   _____     ___     _     ___   ___   ___   ___  
 |_   _| | __| / __| |_   _|   | _ \   /_\   / __| / __| | __| |   \ 
   | |   | _|  \__ \   | |     |  _/  / _ \  \__ \ \__ \ | _|  | |) |
   |_|   |___| |___/   |_|     |_|   /_/ \_\ |___/ |___/ |___| |___/ 

Verify the validation form
----------------------------------------------------------------------
]]></system-err>
</testsuite>
